<?xml version="1.0" encoding="UTF-8"?>
<testsuite xmlns:xsi="http://www.w3.org/2001/XMLSchema-instance" xsi:noNamespaceSchemaLocation="https://maven.apache.org/surefire/maven-surefire-plugin/xsd/surefire-test-report-3.0.xsd" version="3.0" name="com.v.app.BackendIntegrationTest" time="11.754" tests="1" errors="0" skipped="0" failures="0">
  <properties>
[...]
</properties>
  <testcase name="testAuthFlow" classname="com.v.app.BackendIntegrationTest" time="1.709">
    <system-out><![CDATA[22:01:38.812 [main] INFO org.springframework.test.context.support.AnnotationConfigContextLoaderUtils -- Could not detect default configuration classes for test class [com.v.app.BackendIntegrationTest]: BackendIntegrationTest does not declare any static, non-private, non-final, nested classes annotated with @Configuration.
22:01:39.002 [main] INFO org.springframework.boot.test.context.SpringBootTestContextBootstrapper -- Found @SpringBootConfiguration com.v.app.VApplication for test class com.v.app.BackendIntegrationTest

  .   ____          _            __ _ _
 /\\ / ___'_ __ _ _(_)_ __  __ _ \ \ \ \
( ( )\___ | '_ | '_| | '_ \/ _` | \ \ \ \
 \\/  ___)| |_)| | | | | || (_| |  ) ) ) )
  '  |____| .__|_| |_|_| |_\__, | / / / /
 =========|_|==============|___/=/_/_/_/
 :: Spring Boot ::                (v3.2.0)

2025-11-24T22:01:39.869+05:30  INFO 23408 --- [v-backend] [           main] com.v.app.BackendIntegrationTest         : Starting BackendIntegrationTest using Java 21.0.8 with PID 23408 (started by prasad in /home/prasad/Drive/V/backend)
2025-11-24T22:01:39.872+05:30  INFO 23408 --- [v-backend] [           main] com.v.app.BackendIntegrationTest         : The following 1 profile is active: "test"
2025-11-24T22:01:41.261+05:30  INFO 23408 --- [v-backend] [           main] .s.d.r.c.RepositoryConfigurationDelegate : Bootstrapping Spring Data JPA repositories in DEFAULT mode.
2025-11-24T22:01:41.367+05:30  INFO 23408 --- [v-backend] [           main] .s.d.r.c.RepositoryConfigurationDelegate : Finished Spring Data repository scanning in 95 ms. Found 11 JPA repository interfaces.
2025-11-24T22:01:42.255+05:30  INFO 23408 --- [v-backend] [           main] o.hibernate.jpa.internal.util.LogHelper  : HHH000204: Processing PersistenceUnitInfo [name: default]
2025-11-24T22:01:42.347+05:30  INFO 23408 --- [v-backend] [           main] org.hibernate.Version                    : HHH000412: Hibernate ORM core version 6.3.1.Final
2025-11-24T22:01:42.431+05:30  INFO 23408 --- [v-backend] [           main] o.h.c.internal.RegionFactoryInitiator    : HHH000026: Second-level cache disabled
2025-11-24T22:01:42.836+05:30  INFO 23408 --- [v-backend] [           main] o.s.o.j.p.SpringPersistenceUnitInfo      : No LoadTimeWeaver setup: ignoring JPA class transformer
2025-11-24T22:01:42.882+05:30  INFO 23408 --- [v-backend] [           main] com.zaxxer.hikari.HikariDataSource       : HikariPool-1 - Starting...
2025-11-24T22:01:43.205+05:30  INFO 23408 --- [v-backend] [           main] com.zaxxer.hikari.pool.HikariPool        : HikariPool-1 - Added connection conn0: url=jdbc:h2:mem:testdb user=SA
2025-11-24T22:01:43.207+05:30  INFO 23408 --- [v-backend] [           main] com.zaxxer.hikari.HikariDataSource       : HikariPool-1 - Start completed.
2025-11-24T22:01:43.249+05:30  WARN 23408 --- [v-backend] [           main] org.hibernate.orm.deprecation            : HHH90000025: H2Dialect does not need to be specified explicitly using 'hibernate.dialect' (remove the property setting and it will be selected by default)
2025-11-24T22:01:44.763+05:30  INFO 23408 --- [v-backend] [           main] o.h.e.t.j.p.i.JtaPlatformInitiator       : HHH000489: No JTA platform available (set 'hibernate.transaction.jta.platform' to enable JTA platform integration)
Hibernate: 
    drop table if exists bookmarks cascade 
Hibernate: 
    drop table if exists conversations cascade 
Hibernate: 
    drop table if exists follows cascade 
Hibernate: 
    drop table if exists hashtags cascade 
Hibernate: 
    drop table if exists likes cascade 
Hibernate: 
    drop table if exists messages cascade 
Hibernate: 
    drop table if exists notifications cascade 
Hibernate: 
    drop table if exists post_hashtags cascade 
Hibernate: 
    drop table if exists posts cascade 
Hibernate: 
    drop table if exists reports cascade 
Hibernate: 
    drop table if exists reposts cascade 
Hibernate: 
    drop table if exists users cascade 
Hibernate: 
    create table bookmarks (
        created_at timestamp(6),
        post_id bigint not null,
        user_id bigint not null,
        primary key (post_id, user_id)
    )
Hibernate: 
    create table conversations (
        created_at timestamp(6),
        id bigint generated by default as identity,
        last_message_at timestamp(6),
        user1_id bigint not null,
        user2_id bigint not null,
        primary key (id)
    )
Hibernate: 
    create table follows (
        created_at timestamp(6),
        follower_id bigint not null,
        following_id bigint not null,
        primary key (follower_id, following_id)
    )
Hibernate: 
    create table hashtags (
        id bigint generated by default as identity,
        last_used_at timestamp(6),
        tag varchar(255) not null unique,
        primary key (id)
    )
Hibernate: 
    create table likes (
        created_at timestamp(6),
        post_id bigint not null,
        user_id bigint not null,
        primary key (post_id, user_id)
    )
Hibernate: 
    create table messages (
        is_read boolean,
        conversation_id bigint not null,
        created_at timestamp(6),
        id bigint generated by default as identity,
        sender_id bigint not null,
        content TEXT not null,
        primary key (id)
    )
Hibernate: 
    create table notifications (
        is_read boolean,
        actor_id bigint,
        created_at timestamp(6),
        entity_id bigint,
        id bigint generated by default as identity,
        recipient_id bigint not null,
        type varchar(255) not null,
        primary key (id)
    )
Hibernate: 
    create table post_hashtags (
        hashtag_id bigint not null,
        post_id bigint not null,
        primary key (hashtag_id, post_id)
    )
Hibernate: 
    create table posts (
        is_deleted boolean,
        created_at timestamp(6),
        id bigint generated by default as identity,
        quote_post_id bigint,
        reply_to_post_id bigint,
        user_id bigint not null,
        content varchar(500),
        media_url varchar(255),
        primary key (id)
    )
Hibernate: 
    create table reports (
        created_at timestamp(6),
        id bigint generated by default as identity,
        post_id bigint,
        reported_user_id bigint,
        reporter_id bigint not null,
        reason varchar(255) not null,
        status varchar(255) not null,
        primary key (id)
    )
Hibernate: 
    create table reposts (
        created_at timestamp(6),
        post_id bigint not null,
        user_id bigint not null,
        primary key (post_id, user_id)
    )
Hibernate: 
    create table users (
        birth_date date,
        is_suspended boolean,
        is_verified boolean,
        created_at timestamp(6),
        id bigint generated by default as identity,
        updated_at timestamp(6),
        avatar_url varchar(255),
        banner_url varchar(255),
        bio varchar(255),
        display_name varchar(255) not null,
        email varchar(255) not null unique,
        location varchar(255),
        password_hash varchar(255) not null,
        username varchar(255) not null unique,
        website varchar(255),
        primary key (id)
    )
Hibernate: 
    alter table if exists bookmarks 
       add constraint FK7nbb4ldgek7ux7y6lu0y4g826 
       foreign key (post_id) 
       references posts
Hibernate: 
    alter table if exists bookmarks 
       add constraint FKdbsho2e05w5r13fkjqfjmge5f 
       foreign key (user_id) 
       references users
Hibernate: 
    alter table if exists conversations 
       add constraint FK8wv0rmd8jb3cqcbyng15ubrmk 
       foreign key (user1_id) 
       references users
Hibernate: 
    alter table if exists conversations 
       add constraint FKe7w0k1xem21pp85wxh5moodnk 
       foreign key (user2_id) 
       references users
Hibernate: 
    alter table if exists follows 
       add constraint FKqnkw0cwwh6572nyhvdjqlr163 
       foreign key (follower_id) 
       references users
Hibernate: 
    alter table if exists follows 
       add constraint FKonkdkae2ngtx70jqhsh7ol6uq 
       foreign key (following_id) 
       references users
Hibernate: 
    alter table if exists likes 
       add constraint FKry8tnr4x2vwemv2bb0h5hyl0x 
       foreign key (post_id) 
       references posts
Hibernate: 
    alter table if exists likes 
       add constraint FKnvx9seeqqyy71bij291pwiwrg 
       foreign key (user_id) 
       references users
Hibernate: 
    alter table if exists messages 
       add constraint FKt492th6wsovh1nush5yl5jj8e 
       foreign key (conversation_id) 
       references conversations
Hibernate: 
    alter table if exists messages 
       add constraint FK4ui4nnwntodh6wjvck53dbk9m 
       foreign key (sender_id) 
       references users
Hibernate: 
    alter table if exists notifications 
       add constraint FK4sd9fik0uthbk6d9rsxco4uja 
       foreign key (actor_id) 
       references users
Hibernate: 
    alter table if exists notifications 
       add constraint FKqqnsjxlwleyjbxlmm213jaj3f 
       foreign key (recipient_id) 
       references users
Hibernate: 
    alter table if exists post_hashtags 
       add constraint FKb8j4xx456a7584d8blc604pqg 
       foreign key (hashtag_id) 
       references hashtags
Hibernate: 
    alter table if exists post_hashtags 
       add constraint FKrrlq793bvaswhomm900i71ac5 
       foreign key (post_id) 
       references posts
Hibernate: 
    alter table if exists posts 
       add constraint FKq9pi4ean2173agqupqc451mi0 
       foreign key (quote_post_id) 
       references posts
Hibernate: 
    alter table if exists posts 
       add constraint FKnb3uyr735vics29qtidiednq7 
       foreign key (reply_to_post_id) 
       references posts
Hibernate: 
    alter table if exists posts 
       add constraint FK5lidm6cqbc7u4xhqpxm898qme 
       foreign key (user_id) 
       references users
Hibernate: 
    alter table if exists reports 
       add constraint FKneu1viyp671jjiwukyfv6dsy 
       foreign key (post_id) 
       references posts
Hibernate: 
    alter table if exists reports 
       add constraint FKb3bqi44mjskbnwupr31nfq5ui 
       foreign key (reported_user_id) 
       references users
Hibernate: 
    alter table if exists reports 
       add constraint FKd3qiw2om5d2oh5xb7fbdcq225 
       foreign key (reporter_id) 
       references users
Hibernate: 
    alter table if exists reposts 
       add constraint FKersix1dfhot0h5xp4umnh2mgr 
       foreign key (post_id) 
       references posts
Hibernate: 
    alter table if exists reposts 
       add constraint FKdtkd7swbi33b8w536k29yjbom 
       foreign key (user_id) 
       references users
2025-11-24T22:01:44.973+05:30  INFO 23408 --- [v-backend] [           main] j.LocalContainerEntityManagerFactoryBean : Initialized JPA EntityManagerFactory for persistence unit 'default'
2025-11-24T22:01:45.915+05:30  INFO 23408 --- [v-backend] [           main] o.s.d.j.r.query.QueryEnhancerFactory     : Hibernate is in classpath; If applicable, HQL parser will be used.
2025-11-24T22:01:47.288+05:30  WARN 23408 --- [v-backend] [           main] JpaBaseConfiguration$JpaWebConfiguration : spring.jpa.open-in-view is enabled by default. Therefore, database queries may be performed during view rendering. Explicitly configure spring.jpa.open-in-view to disable this warning
2025-11-24T22:01:47.766+05:30  INFO 23408 --- [v-backend] [           main] o.s.s.web.DefaultSecurityFilterChain     : Will secure any request with [org.springframework.security.web.session.DisableEncodeUrlFilter@765611c9, org.springframework.security.web.context.request.async.WebAsyncManagerIntegrationFilter@33f2ac11, org.springframework.security.web.context.SecurityContextHolderFilter@3c73d613, org.springframework.security.web.header.HeaderWriterFilter@24bf95ec, org.springframework.web.filter.CorsFilter@44b860b1, org.springframework.security.web.authentication.logout.LogoutFilter@5655d64, com.v.app.security.JwtAuthenticationFilter@783a2fec, org.springframework.security.web.savedrequest.RequestCacheAwareFilter@656bd8e, org.springframework.security.web.servletapi.SecurityContextHolderAwareRequestFilter@7f336491, org.springframework.security.web.authentication.AnonymousAuthenticationFilter@793937ec, org.springframework.security.web.session.SessionManagementFilter@6c1e2161, org.springframework.security.web.access.ExceptionTranslationFilter@49de1717, org.springframework.security.web.access.intercept.AuthorizationFilter@5f735240]
2025-11-24T22:01:48.508+05:30  INFO 23408 --- [v-backend] [           main] o.s.b.t.m.w.SpringBootMockServletContext : Initializing Spring TestDispatcherServlet ''
2025-11-24T22:01:48.508+05:30  INFO 23408 --- [v-backend] [           main] o.s.t.web.servlet.TestDispatcherServlet  : Initializing Servlet ''
2025-11-24T22:01:48.512+05:30  INFO 23408 --- [v-backend] [           main] o.s.t.web.servlet.TestDispatcherServlet  : Completed initialization in 4 ms
2025-11-24T22:01:48.546+05:30  INFO 23408 --- [v-backend] [           main] com.v.app.BackendIntegrationTest         : Started BackendIntegrationTest in 9.321 seconds (process running for 10.825)
2025-11-24T22:01:49.358+05:30  WARN 23408 --- [v-backend] [           main] o.s.w.s.h.HandlerMappingIntrospector     : Cache miss for REQUEST dispatch to '/api/auth/signup' (previous null). Performing CorsConfiguration lookup. This is logged once only at WARN level, and every time at TRACE.
Hibernate: 
    select
        ue1_0.id 
    from
        users ue1_0 
    where
        ue1_0.email=? 
    fetch
        first ? rows only
Hibernate: 
    select
        ue1_0.id 
    from
        users ue1_0 
    where
        ue1_0.username=? 
    fetch
        first ? rows only
Hibernate: 
    insert 
    into
        users
        (avatar_url, banner_url, bio, birth_date, created_at, display_name, email, is_suspended, is_verified, location, password_hash, updated_at, username, website, id) 
    values
        (?, ?, ?, ?, ?, ?, ?, ?, ?, ?, ?, ?, ?, ?, default)
Hibernate: 
    select
        ue1_0.id,
        ue1_0.avatar_url,
        ue1_0.banner_url,
        ue1_0.bio,
        ue1_0.birth_date,
        ue1_0.created_at,
        ue1_0.display_name,
        ue1_0.email,
        ue1_0.is_suspended,
        ue1_0.is_verified,
        ue1_0.location,
        ue1_0.password_hash,
        ue1_0.updated_at,
        ue1_0.username,
        ue1_0.website 
    from
        users ue1_0 
    where
        ue1_0.email=?
Hibernate: 
    select
        ue1_0.id,
        ue1_0.avatar_url,
        ue1_0.banner_url,
        ue1_0.bio,
        ue1_0.birth_date,
        ue1_0.created_at,
        ue1_0.display_name,
        ue1_0.email,
        ue1_0.is_suspended,
        ue1_0.is_verified,
        ue1_0.location,
        ue1_0.password_hash,
        ue1_0.updated_at,
        ue1_0.username,
        ue1_0.website 
    from
        users ue1_0 
    where
        ue1_0.email=?
Hibernate: 
    select
        ue1_0.id,
        ue1_0.avatar_url,
        ue1_0.banner_url,
        ue1_0.bio,
        ue1_0.birth_date,
        ue1_0.created_at,
        ue1_0.display_name,
        ue1_0.email,
        ue1_0.is_suspended,
        ue1_0.is_verified,
        ue1_0.location,
        ue1_0.password_hash,
        ue1_0.updated_at,
        ue1_0.username,
        ue1_0.website 
    from
        users ue1_0 
    where
        ue1_0.email=?
]]></system-out>
    <system-err><![CDATA[WARNING: A Java agent has been loaded dynamically (/home/prasad/.m2/repository/net/bytebuddy/byte-buddy-agent/1.14.10/byte-buddy-agent-1.14.10.jar)
WARNING: If a serviceability tool is in use, please run with -XX:+EnableDynamicAgentLoading to hide this warning
WARNING: If a serviceability tool is not in use, please run with -Djdk.instrument.traceUsage for more information
WARNING: Dynamic loading of agents will be disallowed by default in a future release
]]></system-err>
  </testcase>
</testsuite>